\BOOKMARK [0][]{chapter.1}{1 TODO Johdanto}{}% 1
\BOOKMARK [0][]{chapter.2}{2 Ilmailu ja n\344kyvyys}{}% 2
\BOOKMARK [1][]{section.2.1}{2.1 N\344kyvyyden vaikutus lennon aikana}{chapter.2}% 3
\BOOKMARK [1][]{section.2.2}{2.2 N\344kyvyyden vaikutus maatoimintaan}{chapter.2}% 4
\BOOKMARK [0][]{chapter.3}{3 J\344rjestelm\344t}{}% 5
\BOOKMARK [1][]{section.3.1}{3.1 Keinon\344k\366j\344rjestelm\344t \(Synthetic Vision\)}{chapter.3}% 6
\BOOKMARK [1][]{section.3.2}{3.2 Parannellun n\344\366n j\344rjestelm\344t \(Enhanced Vision\)}{chapter.3}% 7
\BOOKMARK [1][]{section.3.3}{3.3 Heijastusn\344yt\366t \(Head-Up Displays}{chapter.3}% 8
\BOOKMARK [1][]{section.3.4}{3.4 Lentotoiminnassa saavutettavia etuja}{chapter.3}% 9
\BOOKMARK [1][]{section.3.5}{3.5 Maatoiminnassa saavutettavia etuja}{chapter.3}% 10
\BOOKMARK [0][]{chapter.4}{4 DO Ohjaajan suorituskyky ja kognitiiviset haasteet}{}% 11
\BOOKMARK [1][]{section.4.1}{4.1 Akkommodaatiov\344\344ristym\344 \(Misaccommodation\)}{chapter.4}% 12
\BOOKMARK [1][]{section.4.2}{4.2 Automaatiovinouma \(Automation bias\)}{chapter.4}% 13
\BOOKMARK [1][]{section.4.3}{4.3 Tilannetietoisuus \(Situational awareness\)}{chapter.4}% 14
\BOOKMARK [1][]{section.4.4}{4.4 DO Sekavuus ja Ty\366kuormitus \(Clutter and Workload\)}{chapter.4}% 15
\BOOKMARK [1][]{section.4.5}{4.5 TODO Huomiokyvyn kaventuminen \(Attentional tunneling\)}{chapter.4}% 16
\BOOKMARK [0][]{chapter.5}{5 TODO SV- ja EV-j\344rjestelmien tulevaisuus}{}% 17
\BOOKMARK [1][]{section.5.1}{5.1 TODO Tulevaisuuden sovelluksia}{chapter.5}% 18
\BOOKMARK [1][]{section.5.2}{5.2 TODO NextGen ja EVO-konseptit}{chapter.5}% 19
\BOOKMARK [0][]{chapter.6}{6 TODO Tulokset ja Yhteenveto}{}% 20
\BOOKMARK [0][]{section*.2}{Kirjallisuutta}{}% 21
